<?xml version="1.0" encoding="UTF-8"?>
<Site BuildName="(empty)"
	BuildStamp="20250528-0555-Experimental"
	Name="(empty)"
	Generator="ctest-3.30.5"
	CompilerName=""
	CompilerVersion=""
	OSName="Linux"
	Hostname="hungqt"
	OSRelease="6.6.36.6-microsoft-standard-WSL2+"
	OSVersion="#1 SMP PREEMPT_DYNAMIC Sat Nov 23 19:56:39 +07 2024"
	OSPlatform="x86_64"
	Is64Bits="1"
	VendorString="GenuineIntel"
	VendorID="Intel Corporation"
	FamilyID="6"
	ModelID="154"
	ProcessorCacheSize="12288"
	NumberOfLogicalCPU="8"
	NumberOfPhysicalCPU="4"
	TotalVirtualMemory="2048"
	TotalPhysicalMemory="7942"
	LogicalProcessorsPerPhysical="2"
	ProcessorClockFrequency="2496"
	>
	<Testing>
		<StartDateTime>May 28 20:08 +07</StartDateTime>
		<StartTestTime>1748437717</StartTestTime>
		<TestList>
			<Test>./AllTests</Test>
		</TestList>
		<Test Status="failed">
			<Name>AllTests</Name>
			<Path>.</Path>
			<FullName>./AllTests</FullName>
			<FullCommandLine>/home/hungqt/res/build/unit_tests</FullCommandLine>
			<Results>
				<NamedMeasurement type="text/string" name="Exit Code">
					<Value>Failed</Value>
				</NamedMeasurement>
				<NamedMeasurement type="text/string" name="Exit Value">
					<Value>1</Value>
				</NamedMeasurement>
				<NamedMeasurement type="numeric/double" name="Execution Time">
					<Value>0.00362612</Value>
				</NamedMeasurement>
				<NamedMeasurement type="numeric/double" name="Processors">
					<Value>1</Value>
				</NamedMeasurement>
				<NamedMeasurement type="text/string" name="Completion Status">
					<Value>Completed</Value>
				</NamedMeasurement>
				<NamedMeasurement type="text/string" name="Command Line">
					<Value>/home/hungqt/res/build/unit_tests</Value>
				</NamedMeasurement>
				<NamedMeasurement type="text/string" name="Environment">
					<Value>#CTEST_RESOURCE_GROUP_COUNT=</Value>
				</NamedMeasurement>
				<Measurement>
					<Value encoding="base64" compression="gzip">eJydVl1v2jAUfc+v8OMqjTC29iXSHtISVrSWRU26aUJouoQLWBg780cZ+/UzCUKEuElWv+TD9/j4nGv7evr51GbkyXBO+YoMPhGNSiuylGJLbooPogy1T9+b9k5tRr4wMQdWBiB/oVLwLXIbjLpn8ovg6/NREw1aRXxFOab2rzclT88TUrTZZac/5lRTYPQvaCr4Mb5s3752iifvPpCtumqmmQi5BZZKWC5pFnJge0WV11+LLfbXhq9+675E1S9U9I3l+FW8+lmeBzfXARkBZUai9x2YQSKWAbHhhmmPkDDTBlhAtDToRX9yzDQuArIEpvCgZRSOH6Jh50l1kvMgdhHXUuT7IWpLaK1ots0B6EQU/XgM74BlhkE7yUXwiaDrSikBRAsN7Mqr4irr9hbX8EKFtNZlG5T1VeYI8JOfkxETYvGKY50gTs9cyGNq7+J74Au1hg22s9Uxnenu0zT+X3F1jDNhbcZ3TtqIStwBY2F2ttPPdNX7/Vsmss04Hhle/LPbXu+rwjqCnEY6sM98/hZKN6wr6aM9R2jOcBwXU7fHdCthHdKeu/owTan7eA6ND9nWQ9BQT1u1z0/sMZjp6ildldMB4HTuAnd4CZWiq6IsNVJUQ51ONchtcmlQ1scCNeYaVxLci/ui0x8ORXLad3YX7qoCWsOdIhpm0yTitUqvEWRvIXY2f+dXiYYrBJHA/SqVlRWHSVIWwMHRZr9aF8t5vyeMKls6yRytwOANpdPz7FBHTBolqfcPUjrnDw==</Value>
				</Measurement>
			</Results>
		</Test>
		<EndDateTime>May 28 20:08 +07</EndDateTime>
		<EndTestTime>1748437717</EndTestTime>
		<ElapsedMinutes>0</ElapsedMinutes>
	</Testing>
</Site>
