<?xml version="1.0" encoding="UTF-8"?>
<Site BuildName="(empty)"
	BuildStamp="20250528-1345-Experimental"
	Name="(empty)"
	Generator="ctest-3.30.5"
	CompilerName=""
	CompilerVersion=""
	OSName="Linux"
	Hostname="hungqt"
	OSRelease="6.6.36.6-microsoft-standard-WSL2+"
	OSVersion="#1 SMP PREEMPT_DYNAMIC Sat Nov 23 19:56:39 +07 2024"
	OSPlatform="x86_64"
	Is64Bits="1"
	VendorString="GenuineIntel"
	VendorID="Intel Corporation"
	FamilyID="6"
	ModelID="154"
	ProcessorCacheSize="12288"
	NumberOfLogicalCPU="8"
	NumberOfPhysicalCPU="4"
	TotalVirtualMemory="2048"
	TotalPhysicalMemory="7942"
	LogicalProcessorsPerPhysical="2"
	ProcessorClockFrequency="2496"
	>
	<Testing>
		<StartDateTime>May 28 20:55 +07</StartDateTime>
		<StartTestTime>1748440519</StartTestTime>
		<TestList/>
		<EndDateTime>May 28 20:55 +07</EndDateTime>
		<EndTestTime>1748440519</EndTestTime>
		<ElapsedMinutes>0</ElapsedMinutes>
	</Testing>
</Site>
