<?xml version="1.0" encoding="UTF-8"?>
<Site BuildName="(empty)"
	BuildStamp="20250528-1345-Experimental"
	Name="(empty)"
	Generator="ctest-3.30.5"
	CompilerName=""
	CompilerVersion=""
	OSName="Linux"
	Hostname="hungqt"
	OSRelease="6.6.36.6-microsoft-standard-WSL2+"
	OSVersion="#1 SMP PREEMPT_DYNAMIC Sat Nov 23 19:56:39 +07 2024"
	OSPlatform="x86_64"
	Is64Bits="1"
	VendorString="GenuineIntel"
	VendorID="Intel Corporation"
	FamilyID="6"
	ModelID="154"
	ProcessorCacheSize="12288"
	NumberOfLogicalCPU="8"
	NumberOfPhysicalCPU="4"
	TotalVirtualMemory="2048"
	TotalPhysicalMemory="7942"
	LogicalProcessorsPerPhysical="2"
	ProcessorClockFrequency="2496"
	>
	<Testing>
		<StartDateTime>May 28 21:14 +07</StartDateTime>
		<StartTestTime>1748441658</StartTestTime>
		<TestList>
			<Test>./FirewallActionTests</Test>
		</TestList>
		<Test Status="passed">
			<Name>FirewallActionTests</Name>
			<Path>.</Path>
			<FullName>./FirewallActionTests</FullName>
			<FullCommandLine>/home/hungqt/res/build/test_firewall_action</FullCommandLine>
			<Results>
				<NamedMeasurement type="numeric/double" name="Execution Time">
					<Value>24.0419</Value>
				</NamedMeasurement>
				<NamedMeasurement type="numeric/double" name="Processors">
					<Value>1</Value>
				</NamedMeasurement>
				<NamedMeasurement type="text/string" name="Completion Status">
					<Value>Completed</Value>
				</NamedMeasurement>
				<NamedMeasurement type="text/string" name="Command Line">
					<Value>/home/hungqt/res/build/test_firewall_action</Value>
				</NamedMeasurement>
				<NamedMeasurement type="text/string" name="Environment">
					<Value>#CTEST_RESOURCE_GROUP_COUNT=</Value>
				</NamedMeasurement>
				<Measurement>
					<Value encoding="base64" compression="gzip">eJyllMtuwjAQRff5ilnCggQq1F0XRUCFqlKEoBsUIeMMZFTHTv3g8fd1Eor6QChRZ5OMcufM9Tj23ElJcgcZI9lqw1arDKJUZRilTu4+bKTRRBtHIonWCeYm2im1E2jR2I7R/FsalWnxti5gIefB6uESMczPnXp9KESm6tUrEzCOLIbBqnOJGJ6E2jBRfUe5J61khtJr0XZc/kv8kzomjQcmxCO3pOQQLSOBycILghXMl1MoI76hCwfMEB8Ixd+XclM8xk6WKibInjymitfn/2Cg1YXMtGubGrpcEGcWS6Kf5kzj3s/E62o7usFoaufFCUu5wMnsi1Xbxd/Sps3P85wqOTqSsX4Fk1nt9teKmxpYUIbKWb/DmIyOOWnWaB+ul0Prvttt+FPQdovaL+FMfGPCoanpIwz9QVqkZCBn2oLagk2xOnMelTsLB2ZAY6b2mIAhyRHIn8cjR0xMJU79HZEqkRTVve5dHzYnDwjj4BN4An3k====</Value>
				</Measurement>
			</Results>
		</Test>
		<EndDateTime>May 28 21:14 +07</EndDateTime>
		<EndTestTime>1748441682</EndTestTime>
		<ElapsedMinutes>0</ElapsedMinutes>
	</Testing>
</Site>
